-------------------------------------------------------------------
error: error reading '/home/dennis/Work/faial/'
1 error generated.
Error while processing /home/dennis/Work/faial/.
-------------------------------------------------------------------
error: error reading '/home/dennis/Work/faial/'
1 error generated.
Error while processing /home/dennis/Work/faial/.
-------------------------------------------------------------------
error: error reading '/home/dennis/Work/faial/'
1 error generated.
Error while processing /home/dennis/Work/faial/.
-------------------------------------------------------------------
error: error reading '/home/dennis/Work/faial/'
1 error generated.
Error while processing /home/dennis/Work/faial/.
-------------------------------------------------------------------
error: error reading '/home/dennis/Work/faial/'
1 error generated.
Error while processing /home/dennis/Work/faial/.
-------------------------------------------------------------------
error: error reading '/home/dennis/Work/faial/'
1 error generated.
Error while processing /home/dennis/Work/faial/.
-------------------------------------------------------------------
error: no such file or directory: '/home/dennis/Work/faial/sd'
error: no input files
error: unable to handle compilation, expected exactly one compiler job in ''
Error while processing /home/dennis/Work/faial/sd.
